{"/home/sage-ali/projects/hg/hng-14/stage-0/src/components/TodoCard/TodoCard.js": {"path":"/home/sage-ali/projects/hg/hng-14/stage-0/src/components/TodoCard/TodoCard.js","statementMap":{"0":{"start":{"line":20,"column":15},"end":{"line":20,"column":38}},"1":{"start":{"line":21,"column":21},"end":{"line":21,"column":50}},"2":{"start":{"line":22,"column":18},"end":{"line":22,"column":44}},"3":{"start":{"line":23,"column":16},"end":{"line":23,"column":40}},"4":{"start":{"line":24,"column":26},"end":{"line":24,"column":60}},"5":{"start":{"line":25,"column":23},"end":{"line":25,"column":54}},"6":{"start":{"line":26,"column":20},"end":{"line":26,"column":48}},"7":{"start":{"line":27,"column":16},"end":{"line":27,"column":36}},"8":{"start":{"line":29,"column":22},"end":{"line":29,"column":35}},"9":{"start":{"line":30,"column":2},"end":{"line":32,"column":null}},"10":{"start":{"line":31,"column":4},"end":{"line":31,"column":null}},"11":{"start":{"line":34,"column":24},"end":{"line":34,"column":46}},"12":{"start":{"line":36,"column":2},"end":{"line":94,"column":null}},"13":{"start":{"line":77,"column":16},"end":{"line":77,"column":null}}},"fnMap":{"0":{"name":"createTodoCard","decl":{"start":{"line":19,"column":16},"end":{"line":19,"column":30}},"loc":{"start":{"line":19,"column":37},"end":{"line":95,"column":null}},"line":19},"1":{"name":"(anonymous_1)","decl":{"start":{"line":76,"column":14},"end":{"line":76,"column":15}},"loc":{"start":{"line":77,"column":16},"end":{"line":77,"column":null}},"line":77}},"branchMap":{"0":{"loc":{"start":{"line":30,"column":2},"end":{"line":32,"column":null}},"type":"if","locations":[{"start":{"line":30,"column":2},"end":{"line":32,"column":null}},{"start":{},"end":{}}],"line":30},"1":{"loc":{"start":{"line":40,"column":12},"end":{"line":40,"column":76}},"type":"cond-expr","locations":[{"start":{"line":40,"column":29},"end":{"line":40,"column":71}},{"start":{"line":40,"column":74},"end":{"line":40,"column":76}}],"line":40},"2":{"loc":{"start":{"line":74,"column":13},"end":{"line":74,"column":54}},"type":"cond-expr","locations":[{"start":{"line":74,"column":40},"end":{"line":74,"column":49}},{"start":{"line":74,"column":52},"end":{"line":74,"column":54}}],"line":74},"3":{"loc":{"start":{"line":85,"column":104},"end":{"line":85,"column":135}},"type":"cond-expr","locations":[{"start":{"line":85,"column":121},"end":{"line":85,"column":130}},{"start":{"line":85,"column":133},"end":{"line":85,"column":135}}],"line":85}},"s":{"0":4,"1":4,"2":4,"3":4,"4":4,"5":4,"6":4,"7":4,"8":4,"9":4,"10":1,"11":4,"12":4,"13":8},"f":{"0":4,"1":8},"b":{"0":[1,3],"1":[1,3],"2":[4,0],"3":[1,3]},"meta":{"lastBranch":4,"lastFunction":2,"lastStatement":14,"seen":{"f:19:16:19:30":0,"s:20:15:20:38":0,"s:21:21:21:50":1,"s:22:18:22:44":2,"s:23:16:23:40":3,"s:24:26:24:60":4,"s:25:23:25:54":5,"s:26:20:26:48":6,"s:27:16:27:36":7,"s:29:22:29:35":8,"b:30:2:32:Infinity:undefined:undefined:undefined:undefined":0,"s:30:2:32:Infinity":9,"s:31:4:31:Infinity":10,"s:34:24:34:46":11,"s:36:2:94:Infinity":12,"b:40:29:40:71:40:74:40:76":1,"b:74:40:74:49:74:52:74:54":2,"f:76:14:76:15":1,"s:77:16:77:Infinity":13,"b:85:121:85:130:85:133:85:135":3}}}
,"/home/sage-ali/projects/hg/hng-14/stage-0/src/utils/html.js": {"path":"/home/sage-ali/projects/hg/hng-14/stage-0/src/utils/html.js","statementMap":{"0":{"start":{"line":1,"column":20},"end":{"line":1,"column":21}},"1":{"start":{"line":9,"column":12},"end":{"line":9,"column":42}},"2":{"start":{"line":10,"column":2},"end":{"line":15,"column":null}},"3":{"start":{"line":24,"column":2},"end":{"line":26,"column":null}},"4":{"start":{"line":25,"column":4},"end":{"line":25,"column":null}},"5":{"start":{"line":27,"column":2},"end":{"line":27,"column":null}}},"fnMap":{"0":{"name":"escapeHTML","decl":{"start":{"line":8,"column":16},"end":{"line":8,"column":26}},"loc":{"start":{"line":8,"column":32},"end":{"line":16,"column":null}},"line":8},"1":{"name":"makeSafeId","decl":{"start":{"line":23,"column":16},"end":{"line":23,"column":26}},"loc":{"start":{"line":23,"column":31},"end":{"line":28,"column":null}},"line":23}},"branchMap":{"0":{"loc":{"start":{"line":9,"column":19},"end":{"line":9,"column":41}},"type":"cond-expr","locations":[{"start":{"line":9,"column":33},"end":{"line":9,"column":35}},{"start":{"line":9,"column":38},"end":{"line":9,"column":41}}],"line":9},"1":{"loc":{"start":{"line":24,"column":2},"end":{"line":26,"column":null}},"type":"if","locations":[{"start":{"line":24,"column":2},"end":{"line":26,"column":null}},{"start":{},"end":{}}],"line":24},"2":{"loc":{"start":{"line":24,"column":6},"end":{"line":24,"column":37}},"type":"binary-expr","locations":[{"start":{"line":24,"column":6},"end":{"line":24,"column":17}},{"start":{"line":24,"column":21},"end":{"line":24,"column":37}}],"line":24}},"s":{"0":2,"1":41,"2":41,"3":17,"4":2,"5":15},"f":{"0":41,"1":17},"b":{"0":[2,39],"1":[2,15],"2":[17,16]},"meta":{"lastBranch":3,"lastFunction":2,"lastStatement":6,"seen":{"s:1:20:1:21":0,"f:8:16:8:26":0,"s:9:12:9:42":1,"b:9:33:9:35:9:38:9:41":0,"s:10:2:15:Infinity":2,"f:23:16:23:26":1,"b:24:2:26:Infinity:undefined:undefined:undefined:undefined":1,"s:24:2:26:Infinity":3,"b:24:6:24:17:24:21:24:37":2,"s:25:4:25:Infinity":4,"s:27:2:27:Infinity":5}}}
,"/home/sage-ali/projects/hg/hng-14/stage-0/src/utils/time.js": {"path":"/home/sage-ali/projects/hg/hng-14/stage-0/src/utils/time.js","statementMap":{"0":{"start":{"line":11,"column":2},"end":{"line":11,"column":null}},"1":{"start":{"line":23,"column":14},"end":{"line":23,"column":70}},"2":{"start":{"line":24,"column":2},"end":{"line":24,"column":null}},"3":{"start":{"line":37,"column":23},"end":{"line":37,"column":49}},"4":{"start":{"line":38,"column":16},"end":{"line":38,"column":45}},"5":{"start":{"line":39,"column":18},"end":{"line":39,"column":35}},"6":{"start":{"line":41,"column":2},"end":{"line":43,"column":null}},"7":{"start":{"line":42,"column":4},"end":{"line":42,"column":null}},"8":{"start":{"line":45,"column":2},"end":{"line":47,"column":null}},"9":{"start":{"line":46,"column":4},"end":{"line":46,"column":null}},"10":{"start":{"line":49,"column":2},"end":{"line":51,"column":null}},"11":{"start":{"line":50,"column":4},"end":{"line":50,"column":null}},"12":{"start":{"line":53,"column":2},"end":{"line":53,"column":null}},"13":{"start":{"line":69,"column":17},"end":{"line":69,"column":37}},"14":{"start":{"line":70,"column":2},"end":{"line":70,"column":null}},"15":{"start":{"line":70,"column":38},"end":{"line":70,"column":null}},"16":{"start":{"line":72,"column":14},"end":{"line":72,"column":24}},"17":{"start":{"line":73,"column":17},"end":{"line":73,"column":49}},"18":{"start":{"line":75,"column":20},"end":{"line":75,"column":43}},"19":{"start":{"line":76,"column":17},"end":{"line":76,"column":37}},"20":{"start":{"line":77,"column":18},"end":{"line":77,"column":61}},"21":{"start":{"line":79,"column":2},"end":{"line":96,"column":null}},"22":{"start":{"line":80,"column":18},"end":{"line":80,"column":34}},"23":{"start":{"line":81,"column":17},"end":{"line":81,"column":42}},"24":{"start":{"line":82,"column":18},"end":{"line":82,"column":45}},"25":{"start":{"line":83,"column":17},"end":{"line":83,"column":45}},"26":{"start":{"line":85,"column":4},"end":{"line":85,"column":null}},"27":{"start":{"line":85,"column":19},"end":{"line":85,"column":null}},"28":{"start":{"line":86,"column":4},"end":{"line":92,"column":null}},"29":{"start":{"line":87,"column":22},"end":{"line":87,"column":59}},"30":{"start":{"line":88,"column":6},"end":{"line":90,"column":null}},"31":{"start":{"line":89,"column":8},"end":{"line":89,"column":null}},"32":{"start":{"line":91,"column":6},"end":{"line":91,"column":null}},"33":{"start":{"line":93,"column":4},"end":{"line":94,"column":null}},"34":{"start":{"line":94,"column":6},"end":{"line":94,"column":null}},"35":{"start":{"line":95,"column":4},"end":{"line":95,"column":null}},"36":{"start":{"line":98,"column":2},"end":{"line":111,"column":null}},"37":{"start":{"line":99,"column":18},"end":{"line":99,"column":46}},"38":{"start":{"line":101,"column":4},"end":{"line":103,"column":null}},"39":{"start":{"line":102,"column":6},"end":{"line":102,"column":null}},"40":{"start":{"line":105,"column":4},"end":{"line":105,"column":null}},"41":{"start":{"line":105,"column":20},"end":{"line":105,"column":null}},"42":{"start":{"line":107,"column":17},"end":{"line":107,"column":43}},"43":{"start":{"line":108,"column":4},"end":{"line":108,"column":null}},"44":{"start":{"line":108,"column":19},"end":{"line":108,"column":null}},"45":{"start":{"line":110,"column":4},"end":{"line":110,"column":null}},"46":{"start":{"line":113,"column":2},"end":{"line":118,"column":null}},"47":{"start":{"line":114,"column":4},"end":{"line":117,"column":null}},"48":{"start":{"line":120,"column":2},"end":{"line":122,"column":null}},"49":{"start":{"line":121,"column":4},"end":{"line":121,"column":null}},"50":{"start":{"line":124,"column":2},"end":{"line":126,"column":null}}},"fnMap":{"0":{"name":"startOfLocalDay","decl":{"start":{"line":10,"column":9},"end":{"line":10,"column":24}},"loc":{"start":{"line":10,"column":31},"end":{"line":12,"column":null}},"line":10},"1":{"name":"formatRelativeTime","decl":{"start":{"line":22,"column":9},"end":{"line":22,"column":27}},"loc":{"start":{"line":22,"column":61},"end":{"line":25,"column":null}},"line":22},"2":{"name":"formatHoursAndMinutes","decl":{"start":{"line":36,"column":9},"end":{"line":36,"column":30}},"loc":{"start":{"line":36,"column":39},"end":{"line":54,"column":null}},"line":36},"3":{"name":"getTimeRemaining","decl":{"start":{"line":68,"column":16},"end":{"line":68,"column":32}},"loc":{"start":{"line":68,"column":65},"end":{"line":127,"column":null}},"line":68}},"branchMap":{"0":{"loc":{"start":{"line":22,"column":41},"end":{"line":22,"column":59}},"type":"default-arg","locations":[{"start":{"line":22,"column":50},"end":{"line":22,"column":59}}],"line":22},"1":{"loc":{"start":{"line":41,"column":2},"end":{"line":43,"column":null}},"type":"if","locations":[{"start":{"line":41,"column":2},"end":{"line":43,"column":null}},{"start":{},"end":{}}],"line":41},"2":{"loc":{"start":{"line":41,"column":6},"end":{"line":41,"column":32}},"type":"binary-expr","locations":[{"start":{"line":41,"column":6},"end":{"line":41,"column":16}},{"start":{"line":41,"column":20},"end":{"line":41,"column":32}}],"line":41},"3":{"loc":{"start":{"line":42,"column":30},"end":{"line":42,"column":60}},"type":"cond-expr","locations":[{"start":{"line":42,"column":44},"end":{"line":42,"column":50}},{"start":{"line":42,"column":53},"end":{"line":42,"column":60}}],"line":42},"4":{"loc":{"start":{"line":42,"column":75},"end":{"line":42,"column":111}},"type":"cond-expr","locations":[{"start":{"line":42,"column":91},"end":{"line":42,"column":99}},{"start":{"line":42,"column":102},"end":{"line":42,"column":111}}],"line":42},"5":{"loc":{"start":{"line":45,"column":2},"end":{"line":47,"column":null}},"type":"if","locations":[{"start":{"line":45,"column":2},"end":{"line":47,"column":null}},{"start":{},"end":{}}],"line":45},"6":{"loc":{"start":{"line":46,"column":30},"end":{"line":46,"column":60}},"type":"cond-expr","locations":[{"start":{"line":46,"column":44},"end":{"line":46,"column":50}},{"start":{"line":46,"column":53},"end":{"line":46,"column":60}}],"line":46},"7":{"loc":{"start":{"line":49,"column":2},"end":{"line":51,"column":null}},"type":"if","locations":[{"start":{"line":49,"column":2},"end":{"line":51,"column":null}},{"start":{},"end":{}}],"line":49},"8":{"loc":{"start":{"line":50,"column":32},"end":{"line":50,"column":68}},"type":"cond-expr","locations":[{"start":{"line":50,"column":48},"end":{"line":50,"column":56}},{"start":{"line":50,"column":59},"end":{"line":50,"column":68}}],"line":50},"9":{"loc":{"start":{"line":68,"column":45},"end":{"line":68,"column":63}},"type":"default-arg","locations":[{"start":{"line":68,"column":54},"end":{"line":68,"column":63}}],"line":68},"10":{"loc":{"start":{"line":70,"column":2},"end":{"line":70,"column":null}},"type":"if","locations":[{"start":{"line":70,"column":2},"end":{"line":70,"column":null}},{"start":{},"end":{}}],"line":70},"11":{"loc":{"start":{"line":79,"column":2},"end":{"line":96,"column":null}},"type":"if","locations":[{"start":{"line":79,"column":2},"end":{"line":96,"column":null}},{"start":{},"end":{}}],"line":79},"12":{"loc":{"start":{"line":85,"column":4},"end":{"line":85,"column":null}},"type":"if","locations":[{"start":{"line":85,"column":4},"end":{"line":85,"column":null}},{"start":{},"end":{}}],"line":85},"13":{"loc":{"start":{"line":85,"column":48},"end":{"line":85,"column":75}},"type":"cond-expr","locations":[{"start":{"line":85,"column":61},"end":{"line":85,"column":66}},{"start":{"line":85,"column":69},"end":{"line":85,"column":75}}],"line":85},"14":{"loc":{"start":{"line":86,"column":4},"end":{"line":92,"column":null}},"type":"if","locations":[{"start":{"line":86,"column":4},"end":{"line":92,"column":null}},{"start":{},"end":{}}],"line":86},"15":{"loc":{"start":{"line":88,"column":6},"end":{"line":90,"column":null}},"type":"if","locations":[{"start":{"line":88,"column":6},"end":{"line":90,"column":null}},{"start":{},"end":{}}],"line":88},"16":{"loc":{"start":{"line":88,"column":10},"end":{"line":88,"column":34}},"type":"binary-expr","locations":[{"start":{"line":88,"column":10},"end":{"line":88,"column":19}},{"start":{"line":88,"column":23},"end":{"line":88,"column":34}}],"line":88},"17":{"loc":{"start":{"line":89,"column":38},"end":{"line":89,"column":68}},"type":"cond-expr","locations":[{"start":{"line":89,"column":52},"end":{"line":89,"column":58}},{"start":{"line":89,"column":61},"end":{"line":89,"column":68}}],"line":89},"18":{"loc":{"start":{"line":89,"column":83},"end":{"line":89,"column":119}},"type":"cond-expr","locations":[{"start":{"line":89,"column":99},"end":{"line":89,"column":107}},{"start":{"line":89,"column":110},"end":{"line":89,"column":119}}],"line":89},"19":{"loc":{"start":{"line":91,"column":36},"end":{"line":91,"column":66}},"type":"cond-expr","locations":[{"start":{"line":91,"column":50},"end":{"line":91,"column":56}},{"start":{"line":91,"column":59},"end":{"line":91,"column":66}}],"line":91},"20":{"loc":{"start":{"line":93,"column":4},"end":{"line":94,"column":null}},"type":"if","locations":[{"start":{"line":93,"column":4},"end":{"line":94,"column":null}},{"start":{},"end":{}}],"line":93},"21":{"loc":{"start":{"line":94,"column":35},"end":{"line":94,"column":68}},"type":"cond-expr","locations":[{"start":{"line":94,"column":48},"end":{"line":94,"column":56}},{"start":{"line":94,"column":59},"end":{"line":94,"column":68}}],"line":94},"22":{"loc":{"start":{"line":98,"column":2},"end":{"line":111,"column":null}},"type":"if","locations":[{"start":{"line":98,"column":2},"end":{"line":111,"column":null}},{"start":{},"end":{}}],"line":98},"23":{"loc":{"start":{"line":101,"column":4},"end":{"line":103,"column":null}},"type":"if","locations":[{"start":{"line":101,"column":4},"end":{"line":103,"column":null}},{"start":{},"end":{}}],"line":101},"24":{"loc":{"start":{"line":105,"column":4},"end":{"line":105,"column":null}},"type":"if","locations":[{"start":{"line":105,"column":4},"end":{"line":105,"column":null}},{"start":{},"end":{}}],"line":105},"25":{"loc":{"start":{"line":108,"column":4},"end":{"line":108,"column":null}},"type":"if","locations":[{"start":{"line":108,"column":4},"end":{"line":108,"column":null}},{"start":{},"end":{}}],"line":108},"26":{"loc":{"start":{"line":113,"column":2},"end":{"line":118,"column":null}},"type":"if","locations":[{"start":{"line":113,"column":2},"end":{"line":118,"column":null}},{"start":{},"end":{}}],"line":113},"27":{"loc":{"start":{"line":120,"column":2},"end":{"line":122,"column":null}},"type":"if","locations":[{"start":{"line":120,"column":2},"end":{"line":122,"column":null}},{"start":{},"end":{}}],"line":120},"28":{"loc":{"start":{"line":120,"column":6},"end":{"line":120,"column":33}},"type":"binary-expr","locations":[{"start":{"line":120,"column":6},"end":{"line":120,"column":17}},{"start":{"line":120,"column":21},"end":{"line":120,"column":33}}],"line":120}},"s":{"0":32,"1":2,"2":2,"3":6,"4":6,"5":6,"6":6,"7":1,"8":5,"9":1,"10":4,"11":2,"12":2,"13":17,"14":17,"15":1,"16":16,"17":16,"18":16,"19":16,"20":16,"21":16,"22":6,"23":6,"24":6,"25":6,"26":6,"27":2,"28":4,"29":2,"30":2,"31":1,"32":1,"33":2,"34":1,"35":1,"36":10,"37":7,"38":7,"39":6,"40":1,"41":1,"42":0,"43":0,"44":0,"45":0,"46":3,"47":1,"48":2,"49":1,"50":1},"f":{"0":32,"1":2,"2":6,"3":17},"b":{"0":[2],"1":[1,5],"2":[6,2],"3":[0,1],"4":[0,1],"5":[1,4],"6":[0,1],"7":[2,2],"8":[0,2],"9":[17],"10":[1,16],"11":[6,10],"12":[2,4],"13":[1,1],"14":[2,2],"15":[1,1],"16":[2,2],"17":[1,0],"18":[0,1],"19":[0,1],"20":[1,1],"21":[0,1],"22":[7,3],"23":[6,1],"24":[1,0],"25":[0,0],"26":[1,2],"27":[1,1],"28":[2,2]},"meta":{"lastBranch":29,"lastFunction":4,"lastStatement":51,"seen":{"f:10:9:10:24":0,"s:11:2:11:Infinity":0,"f:22:9:22:27":1,"b:22:50:22:59":0,"s:23:14:23:70":1,"s:24:2:24:Infinity":2,"f:36:9:36:30":2,"s:37:23:37:49":3,"s:38:16:38:45":4,"s:39:18:39:35":5,"b:41:2:43:Infinity:undefined:undefined:undefined:undefined":1,"s:41:2:43:Infinity":6,"b:41:6:41:16:41:20:41:32":2,"s:42:4:42:Infinity":7,"b:42:44:42:50:42:53:42:60":3,"b:42:91:42:99:42:102:42:111":4,"b:45:2:47:Infinity:undefined:undefined:undefined:undefined":5,"s:45:2:47:Infinity":8,"s:46:4:46:Infinity":9,"b:46:44:46:50:46:53:46:60":6,"b:49:2:51:Infinity:undefined:undefined:undefined:undefined":7,"s:49:2:51:Infinity":10,"s:50:4:50:Infinity":11,"b:50:48:50:56:50:59:50:68":8,"s:53:2:53:Infinity":12,"f:68:16:68:32":3,"b:68:54:68:63":9,"s:69:17:69:37":13,"b:70:2:70:Infinity:undefined:undefined:undefined:undefined":10,"s:70:2:70:Infinity":14,"s:70:38:70:Infinity":15,"s:72:14:72:24":16,"s:73:17:73:49":17,"s:75:20:75:43":18,"s:76:17:76:37":19,"s:77:18:77:61":20,"b:79:2:96:Infinity:undefined:undefined:undefined:undefined":11,"s:79:2:96:Infinity":21,"s:80:18:80:34":22,"s:81:17:81:42":23,"s:82:18:82:45":24,"s:83:17:83:45":25,"b:85:4:85:Infinity:undefined:undefined:undefined:undefined":12,"s:85:4:85:Infinity":26,"s:85:19:85:Infinity":27,"b:85:61:85:66:85:69:85:75":13,"b:86:4:92:Infinity:undefined:undefined:undefined:undefined":14,"s:86:4:92:Infinity":28,"s:87:22:87:59":29,"b:88:6:90:Infinity:undefined:undefined:undefined:undefined":15,"s:88:6:90:Infinity":30,"b:88:10:88:19:88:23:88:34":16,"s:89:8:89:Infinity":31,"b:89:52:89:58:89:61:89:68":17,"b:89:99:89:107:89:110:89:119":18,"s:91:6:91:Infinity":32,"b:91:50:91:56:91:59:91:66":19,"b:93:4:94:Infinity:undefined:undefined:undefined:undefined":20,"s:93:4:94:Infinity":33,"s:94:6:94:Infinity":34,"b:94:48:94:56:94:59:94:68":21,"s:95:4:95:Infinity":35,"b:98:2:111:Infinity:undefined:undefined:undefined:undefined":22,"s:98:2:111:Infinity":36,"s:99:18:99:46":37,"b:101:4:103:Infinity:undefined:undefined:undefined:undefined":23,"s:101:4:103:Infinity":38,"s:102:6:102:Infinity":39,"b:105:4:105:Infinity:undefined:undefined:undefined:undefined":24,"s:105:4:105:Infinity":40,"s:105:20:105:Infinity":41,"s:107:17:107:43":42,"b:108:4:108:Infinity:undefined:undefined:undefined:undefined":25,"s:108:4:108:Infinity":43,"s:108:19:108:Infinity":44,"s:110:4:110:Infinity":45,"b:113:2:118:Infinity:undefined:undefined:undefined:undefined":26,"s:113:2:118:Infinity":46,"s:114:4:117:Infinity":47,"b:120:2:122:Infinity:undefined:undefined:undefined:undefined":27,"s:120:2:122:Infinity":48,"b:120:6:120:17:120:21:120:33":28,"s:121:4:121:Infinity":49,"s:124:2:126:Infinity":50}}}
}
